<?xml version="1.0" encoding="UTF-8"?>
<!-- Generated by org.testng.reporters.JUnitXMLReporter -->
<testsuite ignored="0" hostname="DESKTOP-RR73ETU" failures="0" tests="2" name="Test" time="3.426" errors="0" timestamp="2024-02-27T21:29:11 IST">
  <testcase classname="com.restassured.practice.requestheaders.FiltersExample" name="filtersExampleInConsole" time="2.42"/>
  <testcase classname="com.restassured.practice.requestheaders.FiltersExample" name="printLogsInFile" time="0.96"/>
</testsuite> <!-- Test -->
