<?xml version="1.0" encoding="UTF-8"?>
<testng-results ignored="0" total="1" passed="1" failed="0" skipped="0">
  <reporter-output>
  </reporter-output>
  <suite started-at="2024-04-22T13:40:14 IST" name="Default suite" finished-at="2024-04-22T13:40:22 IST" duration-ms="7954">
    <groups>
    </groups>
    <test started-at="2024-04-22T13:40:14 IST" name="Default test" finished-at="2024-04-22T13:40:22 IST" duration-ms="7954">
      <class name="com.rsapractice.basics.LibraryAPIUsingHashMapExcelDataDriven">
        <test-method signature="addBookDeleteBook()[pri:0, instance:com.rsapractice.basics.LibraryAPIUsingHashMapExcelDataDriven@210ab13f]" started-at="2024-04-22T13:40:14 IST" name="addBookDeleteBook" finished-at="2024-04-22T13:40:22 IST" duration-ms="7875" status="PASS">
          <reporter-output>
          </reporter-output>
        </test-method> <!-- addBookDeleteBook -->
      </class> <!-- com.rsapractice.basics.LibraryAPIUsingHashMapExcelDataDriven -->
    </test> <!-- Default test -->
  </suite> <!-- Default suite -->
</testng-results>
